[INFO ] 16 Jun 2022 14:46:25,584 qa.base.BaseTest:115 - Enter UserName
[INFO ] 16 Jun 2022 14:46:26,509 qa.base.BaseTest:87 - Wait for Username
[INFO ] 16 Jun 2022 14:46:27,136 qa.base.BaseTest:115 - Enter Password
[INFO ] 16 Jun 2022 14:46:27,681 qa.base.BaseTest:87 - Wait for Password
[INFO ] 16 Jun 2022 14:46:28,295 qa.base.BaseTest:101 - Press Login Button
[INFO ] 16 Jun 2022 14:46:28,822 qa.base.BaseTest:87 - Wait for 
[INFO ] 16 Jun 2022 14:46:30,130 qa.base.BaseTest:87 - Wait for Sauce Labs Backpack
[INFO ] 16 Jun 2022 14:46:30,430 qa.base.BaseTest:87 - Wait for $29.99
[INFO ] 16 Jun 2022 14:46:30,606 qa.base.BaseTest:101 - Press Menu Button from - MenuPage
[INFO ] 16 Jun 2022 14:46:30,637 qa.base.BaseTest:87 - Wait for 
[INFO ] 16 Jun 2022 14:46:30,748 qa.base.BaseTest:101 - Press Logout Button from - SettingsPage
[INFO ] 16 Jun 2022 14:46:32,359 qa.base.BaseTest:87 - Wait for 
[INFO ] 16 Jun 2022 14:46:32,472 qa.base.BaseTest:115 - Enter UserName
[INFO ] 16 Jun 2022 14:46:34,183 qa.base.BaseTest:87 - Wait for Username
[INFO ] 16 Jun 2022 14:46:34,763 qa.base.BaseTest:115 - Enter Password
[INFO ] 16 Jun 2022 14:46:35,293 qa.base.BaseTest:87 - Wait for Password
[INFO ] 16 Jun 2022 14:46:35,884 qa.base.BaseTest:101 - Press Login Button
[INFO ] 16 Jun 2022 14:46:36,410 qa.base.BaseTest:87 - Wait for 
[INFO ] 16 Jun 2022 14:46:36,516 qa.base.BaseTest:101 - Press SLB Title from ProductsPage
[INFO ] 16 Jun 2022 14:46:37,720 qa.base.BaseTest:87 - Wait for Sauce Labs Backpack
[INFO ] 16 Jun 2022 14:46:39,025 qa.base.BaseTest:87 - Wait for Sauce Labs Backpack
[INFO ] 16 Jun 2022 14:46:39,210 qa.base.BaseTest:87 - Wait for carry.allTheThings() with the sleek, streamlined Sly Pack that melds uncompromising style with unequaled laptop and tablet protection.
[INFO ] 16 Jun 2022 14:46:42,653 qa.base.BaseTest:87 - Wait for $29.99
[INFO ] 16 Jun 2022 14:46:42,728 qa.base.BaseTest:101 - Press Menu Button from - MenuPage
[INFO ] 16 Jun 2022 14:46:42,759 qa.base.BaseTest:87 - Wait for 
[INFO ] 16 Jun 2022 14:46:42,868 qa.base.BaseTest:101 - Press Logout Button from - SettingsPage
[INFO ] 16 Jun 2022 14:46:44,490 qa.base.BaseTest:87 - Wait for 
[INFO ] 16 Jun 2022 14:46:44,581 qa.base.BaseTest:115 - Enter UserName
[INFO ] 16 Jun 2022 14:46:46,273 qa.base.BaseTest:87 - Wait for Username
[INFO ] 16 Jun 2022 14:46:46,853 qa.base.BaseTest:115 - Enter Password
[INFO ] 16 Jun 2022 14:46:47,385 qa.base.BaseTest:87 - Wait for Password
[INFO ] 16 Jun 2022 14:46:47,465 qa.base.BaseTest:101 - Press Login Button
[INFO ] 16 Jun 2022 14:46:48,001 qa.base.BaseTest:87 - Wait for 
[INFO ] 16 Jun 2022 14:46:48,096 qa.base.BaseTest:101 - Press SLB Title from ProductsPage
[INFO ] 16 Jun 2022 14:46:49,343 qa.base.BaseTest:87 - Wait for Sauce Labs Backpack
[INFO ] 16 Jun 2022 14:46:50,616 qa.base.BaseTest:87 - Wait for Sauce Labs Backpack
[INFO ] 16 Jun 2022 14:46:50,794 qa.base.BaseTest:87 - Wait for carry.allTheThings() with the sleek, streamlined Sly Pack that melds uncompromising style with unequaled laptop and tablet protection.
[INFO ] 16 Jun 2022 14:46:54,232 qa.base.BaseTest:87 - Wait for $29.99
[INFO ] 16 Jun 2022 14:46:54,307 qa.base.BaseTest:101 - Press SLB Title from ProductsPage
[INFO ] 16 Jun 2022 14:46:54,337 qa.base.BaseTest:87 - Wait for 
[INFO ] 16 Jun 2022 14:46:55,283 qa.base.BaseTest:87 - Wait for Sauce Labs Backpack
[INFO ] 16 Jun 2022 14:46:55,460 qa.base.BaseTest:87 - Wait for $29.99
[INFO ] 16 Jun 2022 14:46:55,575 qa.base.BaseTest:101 - Press Menu Button from - MenuPage
[INFO ] 16 Jun 2022 14:46:55,602 qa.base.BaseTest:87 - Wait for 
[INFO ] 16 Jun 2022 14:46:55,697 qa.base.BaseTest:101 - Press Logout Button from - SettingsPage
[INFO ] 16 Jun 2022 14:46:57,418 qa.base.BaseTest:87 - Wait for 
[INFO ] 16 Jun 2022 14:49:43,340 qa.base.BaseTest:115 - sendKeysLocated by By.chained({By.AccessibilityId: test-Username})Enter UserName
[INFO ] 16 Jun 2022 14:49:44,253 qa.base.BaseTest:87 - Wait for Username
[INFO ] 16 Jun 2022 14:49:44,858 qa.base.BaseTest:115 - sendKeysLocated by By.chained({By.AccessibilityId: test-Password})Enter Password
[INFO ] 16 Jun 2022 14:49:45,386 qa.base.BaseTest:87 - Wait for Password
[INFO ] 16 Jun 2022 14:49:45,980 qa.base.BaseTest:101 - Press Login Button
[INFO ] 16 Jun 2022 14:49:46,512 qa.base.BaseTest:87 - Wait for 
[INFO ] 16 Jun 2022 14:49:47,824 qa.base.BaseTest:87 - Wait for Sauce Labs Backpack
[INFO ] 16 Jun 2022 14:49:48,120 qa.base.BaseTest:87 - Wait for $29.99
[INFO ] 16 Jun 2022 14:49:48,302 qa.base.BaseTest:101 - Press Menu Button from - MenuPage
[INFO ] 16 Jun 2022 14:49:48,336 qa.base.BaseTest:87 - Wait for 
[INFO ] 16 Jun 2022 14:49:48,451 qa.base.BaseTest:101 - Press Logout Button from - SettingsPage
[INFO ] 16 Jun 2022 14:49:50,094 qa.base.BaseTest:87 - Wait for 
[INFO ] 16 Jun 2022 14:49:50,203 qa.base.BaseTest:115 - sendKeysLocated by By.chained({By.AccessibilityId: test-Username})Enter UserName
[INFO ] 16 Jun 2022 14:49:51,897 qa.base.BaseTest:87 - Wait for Username
[INFO ] 16 Jun 2022 14:49:52,487 qa.base.BaseTest:115 - sendKeysLocated by By.chained({By.AccessibilityId: test-Password})Enter Password
[INFO ] 16 Jun 2022 14:49:53,011 qa.base.BaseTest:87 - Wait for Password
[INFO ] 16 Jun 2022 14:49:53,097 qa.base.BaseTest:101 - Press Login Button
[INFO ] 16 Jun 2022 14:49:53,629 qa.base.BaseTest:87 - Wait for 
[INFO ] 16 Jun 2022 14:49:53,740 qa.base.BaseTest:101 - Press SLB Title from ProductsPage
[INFO ] 16 Jun 2022 14:49:54,974 qa.base.BaseTest:87 - Wait for Sauce Labs Backpack
[INFO ] 16 Jun 2022 14:49:56,294 qa.base.BaseTest:87 - Wait for Sauce Labs Backpack
[INFO ] 16 Jun 2022 14:49:56,488 qa.base.BaseTest:87 - Wait for carry.allTheThings() with the sleek, streamlined Sly Pack that melds uncompromising style with unequaled laptop and tablet protection.
[INFO ] 16 Jun 2022 14:50:00,188 qa.base.BaseTest:87 - Wait for $29.99
[INFO ] 16 Jun 2022 14:50:00,274 qa.base.BaseTest:101 - Press Menu Button from - MenuPage
[INFO ] 16 Jun 2022 14:50:00,305 qa.base.BaseTest:87 - Wait for 
[INFO ] 16 Jun 2022 14:50:00,396 qa.base.BaseTest:101 - Press Logout Button from - SettingsPage
[INFO ] 16 Jun 2022 14:50:02,101 qa.base.BaseTest:87 - Wait for 
[INFO ] 16 Jun 2022 14:50:02,197 qa.base.BaseTest:115 - sendKeysLocated by By.chained({By.AccessibilityId: test-Username})Enter UserName
[INFO ] 16 Jun 2022 14:50:03,912 qa.base.BaseTest:87 - Wait for Username
[INFO ] 16 Jun 2022 14:50:04,488 qa.base.BaseTest:115 - sendKeysLocated by By.chained({By.AccessibilityId: test-Password})Enter Password
[INFO ] 16 Jun 2022 14:50:05,004 qa.base.BaseTest:87 - Wait for Password
[INFO ] 16 Jun 2022 14:50:05,084 qa.base.BaseTest:101 - Press Login Button
[INFO ] 16 Jun 2022 14:50:05,606 qa.base.BaseTest:87 - Wait for 
[INFO ] 16 Jun 2022 14:50:05,696 qa.base.BaseTest:101 - Press SLB Title from ProductsPage
[INFO ] 16 Jun 2022 14:50:06,874 qa.base.BaseTest:87 - Wait for Sauce Labs Backpack
[INFO ] 16 Jun 2022 14:50:08,209 qa.base.BaseTest:87 - Wait for Sauce Labs Backpack
[INFO ] 16 Jun 2022 14:50:08,359 qa.base.BaseTest:87 - Wait for carry.allTheThings() with the sleek, streamlined Sly Pack that melds uncompromising style with unequaled laptop and tablet protection.
[INFO ] 16 Jun 2022 14:50:12,519 qa.base.BaseTest:87 - Wait for $29.99
[INFO ] 16 Jun 2022 14:50:12,586 qa.base.BaseTest:101 - Press SLB Title from ProductsPage
[INFO ] 16 Jun 2022 14:50:12,612 qa.base.BaseTest:87 - Wait for 
[INFO ] 16 Jun 2022 14:50:13,644 qa.base.BaseTest:87 - Wait for Sauce Labs Backpack
[INFO ] 16 Jun 2022 14:50:13,827 qa.base.BaseTest:87 - Wait for $29.99
[INFO ] 16 Jun 2022 14:50:13,937 qa.base.BaseTest:101 - Press Menu Button from - MenuPage
[INFO ] 16 Jun 2022 14:50:13,968 qa.base.BaseTest:87 - Wait for 
[INFO ] 16 Jun 2022 14:50:14,063 qa.base.BaseTest:101 - Press Logout Button from - SettingsPage
[INFO ] 16 Jun 2022 14:50:15,680 qa.base.BaseTest:87 - Wait for 
[INFO ] 16 Jun 2022 14:59:12,260 qa.base.BaseTest:114 - sendKeys - Located by By.chained({By.AccessibilityId: test-Username}): Enter UserName
[INFO ] 16 Jun 2022 14:59:12,263 qa.base.BaseTest:87 - waitForElementVisibility - Located by By.chained({By.AccessibilityId: test-Username})
[INFO ] 16 Jun 2022 14:59:13,199 qa.base.BaseTest:114 - sendKeys - Located by By.chained({By.AccessibilityId: test-Password}): Enter Password
[INFO ] 16 Jun 2022 14:59:13,199 qa.base.BaseTest:87 - waitForElementVisibility - Located by By.chained({By.AccessibilityId: test-Password})
[INFO ] 16 Jun 2022 14:59:14,316 qa.base.BaseTest:101 - click - Located by By.chained({By.AccessibilityId: test-LOGIN}): Press Login Button
[INFO ] 16 Jun 2022 14:59:14,317 qa.base.BaseTest:87 - waitForElementVisibility - Located by By.chained({By.AccessibilityId: test-LOGIN})
[INFO ] 16 Jun 2022 14:59:14,932 qa.base.BaseTest:128 - getAttribute - Located by By.chained({By.xpath: (//android.widget.TextView[@content-desc="test-Item title"])[1]})text: getSLBTitle from ProductsPage
[INFO ] 16 Jun 2022 14:59:14,933 qa.base.BaseTest:87 - waitForElementVisibility - Located by By.chained({By.xpath: (//android.widget.TextView[@content-desc="test-Item title"])[1]})
[INFO ] 16 Jun 2022 14:59:16,223 qa.base.BaseTest:128 - getAttribute - Located by By.chained({By.xpath: (//android.widget.TextView[@content-desc="test-Price"])[1]})text: getSLBPrice from ProductsPage
[INFO ] 16 Jun 2022 14:59:16,224 qa.base.BaseTest:87 - waitForElementVisibility - Located by By.chained({By.xpath: (//android.widget.TextView[@content-desc="test-Price"])[1]})
[INFO ] 16 Jun 2022 14:59:16,386 qa.base.BaseTest:101 - click - Located by By.chained({By.AccessibilityId: test-Menu}): Press Menu Button from - MenuPage
[INFO ] 16 Jun 2022 14:59:16,386 qa.base.BaseTest:87 - waitForElementVisibility - Located by By.chained({By.AccessibilityId: test-Menu})
[INFO ] 16 Jun 2022 14:59:16,497 qa.base.BaseTest:101 - click - Located by By.chained({By.AccessibilityId: test-LOGOUT}): Press Logout Button from - SettingsPage
[INFO ] 16 Jun 2022 14:59:16,498 qa.base.BaseTest:87 - waitForElementVisibility - Located by By.chained({By.AccessibilityId: test-LOGOUT})
[INFO ] 16 Jun 2022 14:59:18,266 qa.base.BaseTest:114 - sendKeys - Located by By.chained({By.AccessibilityId: test-Username}): Enter UserName
[INFO ] 16 Jun 2022 14:59:18,267 qa.base.BaseTest:87 - waitForElementVisibility - Located by By.chained({By.AccessibilityId: test-Username})
[INFO ] 16 Jun 2022 14:59:20,012 qa.base.BaseTest:114 - sendKeys - Located by By.chained({By.AccessibilityId: test-Password}): Enter Password
[INFO ] 16 Jun 2022 14:59:20,012 qa.base.BaseTest:87 - waitForElementVisibility - Located by By.chained({By.AccessibilityId: test-Password})
[INFO ] 16 Jun 2022 14:59:21,097 qa.base.BaseTest:101 - click - Located by By.chained({By.AccessibilityId: test-LOGIN}): Press Login Button
[INFO ] 16 Jun 2022 14:59:21,097 qa.base.BaseTest:87 - waitForElementVisibility - Located by By.chained({By.AccessibilityId: test-LOGIN})
[INFO ] 16 Jun 2022 14:59:21,680 qa.base.BaseTest:101 - click - Located by By.chained({By.xpath: (//android.widget.TextView[@content-desc="test-Item title"])[1]}): Press SLB Title from ProductsPage
[INFO ] 16 Jun 2022 14:59:21,681 qa.base.BaseTest:87 - waitForElementVisibility - Located by By.chained({By.xpath: (//android.widget.TextView[@content-desc="test-Item title"])[1]})
[INFO ] 16 Jun 2022 14:59:22,980 qa.base.BaseTest:128 - getAttribute - Located by By.chained({By.xpath: //android.view.ViewGroup[@content-desc="test-Description"]/android.widget.TextView[1]})text: getSLBTitleProdDetails from ProductDetailsPage
[INFO ] 16 Jun 2022 14:59:22,980 qa.base.BaseTest:87 - waitForElementVisibility - Located by By.chained({By.xpath: //android.view.ViewGroup[@content-desc="test-Description"]/android.widget.TextView[1]})
[INFO ] 16 Jun 2022 14:59:24,143 qa.base.BaseTest:128 - getAttribute - Located by By.chained({By.xpath: //android.view.ViewGroup[@content-desc="test-Description"]/android.widget.TextView[2]})text: getProdDetailsSlbDetails from ProductDetailsPage
[INFO ] 16 Jun 2022 14:59:24,144 qa.base.BaseTest:87 - waitForElementVisibility - Located by By.chained({By.xpath: //android.view.ViewGroup[@content-desc="test-Description"]/android.widget.TextView[2]})
[INFO ] 16 Jun 2022 14:59:24,267 qa.base.BaseTest:135 - scrollToElement - Methode scrollToElement called from ProductDetailsTest_validateProdTitleDetailsPrice
[INFO ] 16 Jun 2022 14:59:28,016 qa.base.BaseTest:128 - getAttribute - Located by By.chained({By.AccessibilityId: test-Price})text: getProdDetailsSlbPrice from ProductDetailsPage
[INFO ] 16 Jun 2022 14:59:28,017 qa.base.BaseTest:87 - waitForElementVisibility - Located by By.chained({By.AccessibilityId: test-Price})
[INFO ] 16 Jun 2022 14:59:28,180 qa.base.BaseTest:101 - click - Located by By.chained({By.AccessibilityId: test-Menu}): Press Menu Button from - MenuPage
[INFO ] 16 Jun 2022 14:59:28,181 qa.base.BaseTest:87 - waitForElementVisibility - Located by By.chained({By.AccessibilityId: test-Menu})
[INFO ] 16 Jun 2022 14:59:28,279 qa.base.BaseTest:101 - click - Located by By.chained({By.AccessibilityId: test-LOGOUT}): Press Logout Button from - SettingsPage
[INFO ] 16 Jun 2022 14:59:28,280 qa.base.BaseTest:87 - waitForElementVisibility - Located by By.chained({By.AccessibilityId: test-LOGOUT})
[INFO ] 16 Jun 2022 14:59:30,030 qa.base.BaseTest:114 - sendKeys - Located by By.chained({By.AccessibilityId: test-Username}): Enter UserName
[INFO ] 16 Jun 2022 14:59:30,031 qa.base.BaseTest:87 - waitForElementVisibility - Located by By.chained({By.AccessibilityId: test-Username})
[INFO ] 16 Jun 2022 14:59:31,833 qa.base.BaseTest:114 - sendKeys - Located by By.chained({By.AccessibilityId: test-Password}): Enter Password
[INFO ] 16 Jun 2022 14:59:31,833 qa.base.BaseTest:87 - waitForElementVisibility - Located by By.chained({By.AccessibilityId: test-Password})
[INFO ] 16 Jun 2022 14:59:32,914 qa.base.BaseTest:101 - click - Located by By.chained({By.AccessibilityId: test-LOGIN}): Press Login Button
[INFO ] 16 Jun 2022 14:59:32,916 qa.base.BaseTest:87 - waitForElementVisibility - Located by By.chained({By.AccessibilityId: test-LOGIN})
[INFO ] 16 Jun 2022 14:59:33,495 qa.base.BaseTest:101 - click - Located by By.chained({By.xpath: (//android.widget.TextView[@content-desc="test-Item title"])[1]}): Press SLB Title from ProductsPage
[INFO ] 16 Jun 2022 14:59:33,496 qa.base.BaseTest:87 - waitForElementVisibility - Located by By.chained({By.xpath: (//android.widget.TextView[@content-desc="test-Item title"])[1]})
[INFO ] 16 Jun 2022 14:59:34,846 qa.base.BaseTest:128 - getAttribute - Located by By.chained({By.xpath: //android.view.ViewGroup[@content-desc="test-Description"]/android.widget.TextView[1]})text: getSLBTitleProdDetails from ProductDetailsPage
[INFO ] 16 Jun 2022 14:59:34,847 qa.base.BaseTest:87 - waitForElementVisibility - Located by By.chained({By.xpath: //android.view.ViewGroup[@content-desc="test-Description"]/android.widget.TextView[1]})
[INFO ] 16 Jun 2022 14:59:35,999 qa.base.BaseTest:128 - getAttribute - Located by By.chained({By.xpath: //android.view.ViewGroup[@content-desc="test-Description"]/android.widget.TextView[2]})text: getProdDetailsSlbDetails from ProductDetailsPage
[INFO ] 16 Jun 2022 14:59:36,000 qa.base.BaseTest:87 - waitForElementVisibility - Located by By.chained({By.xpath: //android.view.ViewGroup[@content-desc="test-Description"]/android.widget.TextView[2]})
[INFO ] 16 Jun 2022 14:59:36,086 qa.base.BaseTest:135 - scrollToElement - Methode scrollToElement called from ProductDetailsTest_validateProdDetailsAndPrice
[INFO ] 16 Jun 2022 14:59:39,183 qa.base.BaseTest:128 - getAttribute - Located by By.chained({By.AccessibilityId: test-Price})text: getProdDetailsSlbPrice from ProductDetailsPage
[INFO ] 16 Jun 2022 14:59:39,183 qa.base.BaseTest:87 - waitForElementVisibility - Located by By.chained({By.AccessibilityId: test-Price})
[INFO ] 16 Jun 2022 14:59:39,325 qa.base.BaseTest:101 - click - Located by By.chained({By.AccessibilityId: test-BACK TO PRODUCTS}): Press SLB Title from ProductsPage
[INFO ] 16 Jun 2022 14:59:39,326 qa.base.BaseTest:87 - waitForElementVisibility - Located by By.chained({By.AccessibilityId: test-BACK TO PRODUCTS})
[INFO ] 16 Jun 2022 14:59:39,412 qa.base.BaseTest:128 - getAttribute - Located by By.chained({By.xpath: (//android.widget.TextView[@content-desc="test-Item title"])[1]})text: getSLBTitle from ProductsPage
[INFO ] 16 Jun 2022 14:59:39,412 qa.base.BaseTest:87 - waitForElementVisibility - Located by By.chained({By.xpath: (//android.widget.TextView[@content-desc="test-Item title"])[1]})
[INFO ] 16 Jun 2022 14:59:40,420 qa.base.BaseTest:128 - getAttribute - Located by By.chained({By.xpath: (//android.widget.TextView[@content-desc="test-Price"])[1]})text: getSLBPrice from ProductsPage
[INFO ] 16 Jun 2022 14:59:40,421 qa.base.BaseTest:87 - waitForElementVisibility - Located by By.chained({By.xpath: (//android.widget.TextView[@content-desc="test-Price"])[1]})
[INFO ] 16 Jun 2022 14:59:40,552 qa.base.BaseTest:101 - click - Located by By.chained({By.AccessibilityId: test-Menu}): Press Menu Button from - MenuPage
[INFO ] 16 Jun 2022 14:59:40,553 qa.base.BaseTest:87 - waitForElementVisibility - Located by By.chained({By.AccessibilityId: test-Menu})
[INFO ] 16 Jun 2022 14:59:40,646 qa.base.BaseTest:101 - click - Located by By.chained({By.AccessibilityId: test-LOGOUT}): Press Logout Button from - SettingsPage
[INFO ] 16 Jun 2022 14:59:40,646 qa.base.BaseTest:87 - waitForElementVisibility - Located by By.chained({By.AccessibilityId: test-LOGOUT})
[INFO ] 16 Jun 2022 15:11:35,738 qa.base.BaseTest:35 - PageFactory elements initialized calling BaseTest constructor
[INFO ] 16 Jun 2022 15:11:35,797 qa.base.BaseTest:43 - Properties object created
[INFO ] 16 Jun 2022 15:11:35,798 qa.base.BaseTest:47 - Properties file loaded
[INFO ] 16 Jun 2022 15:11:35,807 qa.base.BaseTest:51 - parseStringXML method called
[INFO ] 16 Jun 2022 15:11:35,808 qa.base.BaseTest:54 - DesiredCapabilities object created
[INFO ] 16 Jun 2022 15:11:35,808 qa.base.BaseTest:64 - Required DesiredCapabilities are set
[INFO ] 16 Jun 2022 15:11:40,862 qa.base.BaseTest:69 - AndroidDriver object created
[INFO ] 16 Jun 2022 15:11:40,863 qa.base.BaseTest:75 - closing configis
[INFO ] 16 Jun 2022 15:11:40,863 qa.base.BaseTest:79 - closing stringis
[INFO ] 16 Jun 2022 15:11:41,033 qa.base.BaseTest:35 - PageFactory elements initialized calling BaseTest constructor
[INFO ] 16 Jun 2022 15:11:41,054 qa.base.BaseTest:98 - sendKeys - Located by By.chained({By.AccessibilityId: test-Username}): Enter UserName
[INFO ] 16 Jun 2022 15:11:41,055 qa.base.BaseTest:86 - waitForElementVisibility - Located by By.chained({By.AccessibilityId: test-Username})
[INFO ] 16 Jun 2022 15:11:42,266 qa.base.BaseTest:98 - sendKeys - Located by By.chained({By.AccessibilityId: test-Password}): Enter Password
[INFO ] 16 Jun 2022 15:11:42,266 qa.base.BaseTest:86 - waitForElementVisibility - Located by By.chained({By.AccessibilityId: test-Password})
[INFO ] 16 Jun 2022 15:11:42,847 qa.base.BaseTest:92 - click - Located by By.chained({By.AccessibilityId: test-LOGIN}): Press Login Button
[INFO ] 16 Jun 2022 15:11:42,848 qa.base.BaseTest:86 - waitForElementVisibility - Located by By.chained({By.AccessibilityId: test-LOGIN})
[INFO ] 16 Jun 2022 15:11:43,497 qa.base.BaseTest:35 - PageFactory elements initialized calling BaseTest constructor
[INFO ] 16 Jun 2022 15:11:43,498 qa.base.BaseTest:104 - getAttribute - Located by By.chained({By.xpath: (//android.widget.TextView[@content-desc="test-Item title"])[1]})text: getSLBTitle from ProductsPage
[INFO ] 16 Jun 2022 15:11:43,498 qa.base.BaseTest:86 - waitForElementVisibility - Located by By.chained({By.xpath: (//android.widget.TextView[@content-desc="test-Item title"])[1]})
[INFO ] 16 Jun 2022 15:11:44,861 qa.base.BaseTest:104 - getAttribute - Located by By.chained({By.xpath: (//android.widget.TextView[@content-desc="test-Price"])[1]})text: getSLBPrice from ProductsPage
[INFO ] 16 Jun 2022 15:11:44,861 qa.base.BaseTest:86 - waitForElementVisibility - Located by By.chained({By.xpath: (//android.widget.TextView[@content-desc="test-Price"])[1]})
[INFO ] 16 Jun 2022 15:11:45,045 qa.base.BaseTest:92 - click - Located by By.chained({By.AccessibilityId: test-Menu}): Press Menu Button from - MenuPage
[INFO ] 16 Jun 2022 15:11:45,045 qa.base.BaseTest:86 - waitForElementVisibility - Located by By.chained({By.AccessibilityId: test-Menu})
[INFO ] 16 Jun 2022 15:11:45,146 qa.base.BaseTest:35 - PageFactory elements initialized calling BaseTest constructor
[INFO ] 16 Jun 2022 15:11:45,146 qa.base.BaseTest:92 - click - Located by By.chained({By.AccessibilityId: test-LOGOUT}): Press Logout Button from - SettingsPage
[INFO ] 16 Jun 2022 15:11:45,147 qa.base.BaseTest:86 - waitForElementVisibility - Located by By.chained({By.AccessibilityId: test-LOGOUT})
[INFO ] 16 Jun 2022 15:11:46,879 qa.base.BaseTest:35 - PageFactory elements initialized calling BaseTest constructor
[INFO ] 16 Jun 2022 15:11:46,885 qa.base.BaseTest:98 - sendKeys - Located by By.chained({By.AccessibilityId: test-Username}): Enter UserName
[INFO ] 16 Jun 2022 15:11:46,886 qa.base.BaseTest:86 - waitForElementVisibility - Located by By.chained({By.AccessibilityId: test-Username})
[INFO ] 16 Jun 2022 15:11:49,113 qa.base.BaseTest:98 - sendKeys - Located by By.chained({By.AccessibilityId: test-Password}): Enter Password
[INFO ] 16 Jun 2022 15:11:49,114 qa.base.BaseTest:86 - waitForElementVisibility - Located by By.chained({By.AccessibilityId: test-Password})
[INFO ] 16 Jun 2022 15:11:49,680 qa.base.BaseTest:92 - click - Located by By.chained({By.AccessibilityId: test-LOGIN}): Press Login Button
[INFO ] 16 Jun 2022 15:11:49,681 qa.base.BaseTest:86 - waitForElementVisibility - Located by By.chained({By.AccessibilityId: test-LOGIN})
[INFO ] 16 Jun 2022 15:11:50,280 qa.base.BaseTest:35 - PageFactory elements initialized calling BaseTest constructor
[INFO ] 16 Jun 2022 15:11:50,280 qa.base.BaseTest:92 - click - Located by By.chained({By.xpath: (//android.widget.TextView[@content-desc="test-Item title"])[1]}): Press SLB Title from ProductsPage
[INFO ] 16 Jun 2022 15:11:50,281 qa.base.BaseTest:86 - waitForElementVisibility - Located by By.chained({By.xpath: (//android.widget.TextView[@content-desc="test-Item title"])[1]})
[INFO ] 16 Jun 2022 15:11:51,597 qa.base.BaseTest:35 - PageFactory elements initialized calling BaseTest constructor
[INFO ] 16 Jun 2022 15:11:51,597 qa.base.BaseTest:104 - getAttribute - Located by By.chained({By.xpath: //android.view.ViewGroup[@content-desc="test-Description"]/android.widget.TextView[1]})text: getSLBTitleProdDetails from ProductDetailsPage
[INFO ] 16 Jun 2022 15:11:51,598 qa.base.BaseTest:86 - waitForElementVisibility - Located by By.chained({By.xpath: //android.view.ViewGroup[@content-desc="test-Description"]/android.widget.TextView[1]})
[INFO ] 16 Jun 2022 15:11:52,876 qa.base.BaseTest:104 - getAttribute - Located by By.chained({By.xpath: //android.view.ViewGroup[@content-desc="test-Description"]/android.widget.TextView[2]})text: getProdDetailsSlbDetails from ProductDetailsPage
[INFO ] 16 Jun 2022 15:11:52,877 qa.base.BaseTest:86 - waitForElementVisibility - Located by By.chained({By.xpath: //android.view.ViewGroup[@content-desc="test-Description"]/android.widget.TextView[2]})
[INFO ] 16 Jun 2022 15:11:52,999 qa.base.BaseTest:110 - scrollToElement - Methode scrollToElement called from ProductDetailsTest_validateProdTitleDetailsPrice
[INFO ] 16 Jun 2022 15:11:57,787 qa.base.BaseTest:104 - getAttribute - Located by By.chained({By.AccessibilityId: test-Price})text: getProdDetailsSlbPrice from ProductDetailsPage
[INFO ] 16 Jun 2022 15:11:57,790 qa.base.BaseTest:86 - waitForElementVisibility - Located by By.chained({By.AccessibilityId: test-Price})
[INFO ] 16 Jun 2022 15:11:57,917 qa.base.BaseTest:92 - click - Located by By.chained({By.AccessibilityId: test-Menu}): Press Menu Button from - MenuPage
[INFO ] 16 Jun 2022 15:11:57,917 qa.base.BaseTest:86 - waitForElementVisibility - Located by By.chained({By.AccessibilityId: test-Menu})
[INFO ] 16 Jun 2022 15:11:58,015 qa.base.BaseTest:35 - PageFactory elements initialized calling BaseTest constructor
[INFO ] 16 Jun 2022 15:11:58,016 qa.base.BaseTest:92 - click - Located by By.chained({By.AccessibilityId: test-LOGOUT}): Press Logout Button from - SettingsPage
[INFO ] 16 Jun 2022 15:11:58,016 qa.base.BaseTest:86 - waitForElementVisibility - Located by By.chained({By.AccessibilityId: test-LOGOUT})
[INFO ] 16 Jun 2022 15:11:59,712 qa.base.BaseTest:35 - PageFactory elements initialized calling BaseTest constructor
[INFO ] 16 Jun 2022 15:11:59,715 qa.base.BaseTest:98 - sendKeys - Located by By.chained({By.AccessibilityId: test-Username}): Enter UserName
[INFO ] 16 Jun 2022 15:11:59,716 qa.base.BaseTest:86 - waitForElementVisibility - Located by By.chained({By.AccessibilityId: test-Username})
[INFO ] 16 Jun 2022 15:12:01,478 qa.base.BaseTest:98 - sendKeys - Located by By.chained({By.AccessibilityId: test-Password}): Enter Password
[INFO ] 16 Jun 2022 15:12:01,478 qa.base.BaseTest:86 - waitForElementVisibility - Located by By.chained({By.AccessibilityId: test-Password})
[INFO ] 16 Jun 2022 15:12:02,063 qa.base.BaseTest:92 - click - Located by By.chained({By.AccessibilityId: test-LOGIN}): Press Login Button
[INFO ] 16 Jun 2022 15:12:02,063 qa.base.BaseTest:86 - waitForElementVisibility - Located by By.chained({By.AccessibilityId: test-LOGIN})
[INFO ] 16 Jun 2022 15:12:02,677 qa.base.BaseTest:35 - PageFactory elements initialized calling BaseTest constructor
[INFO ] 16 Jun 2022 15:12:02,678 qa.base.BaseTest:92 - click - Located by By.chained({By.xpath: (//android.widget.TextView[@content-desc="test-Item title"])[1]}): Press SLB Title from ProductsPage
[INFO ] 16 Jun 2022 15:12:02,678 qa.base.BaseTest:86 - waitForElementVisibility - Located by By.chained({By.xpath: (//android.widget.TextView[@content-desc="test-Item title"])[1]})
[INFO ] 16 Jun 2022 15:12:03,946 qa.base.BaseTest:35 - PageFactory elements initialized calling BaseTest constructor
[INFO ] 16 Jun 2022 15:12:03,946 qa.base.BaseTest:104 - getAttribute - Located by By.chained({By.xpath: //android.view.ViewGroup[@content-desc="test-Description"]/android.widget.TextView[1]})text: getSLBTitleProdDetails from ProductDetailsPage
[INFO ] 16 Jun 2022 15:12:03,947 qa.base.BaseTest:86 - waitForElementVisibility - Located by By.chained({By.xpath: //android.view.ViewGroup[@content-desc="test-Description"]/android.widget.TextView[1]})
[INFO ] 16 Jun 2022 15:12:05,161 qa.base.BaseTest:104 - getAttribute - Located by By.chained({By.xpath: //android.view.ViewGroup[@content-desc="test-Description"]/android.widget.TextView[2]})text: getProdDetailsSlbDetails from ProductDetailsPage
[INFO ] 16 Jun 2022 15:12:05,161 qa.base.BaseTest:86 - waitForElementVisibility - Located by By.chained({By.xpath: //android.view.ViewGroup[@content-desc="test-Description"]/android.widget.TextView[2]})
[INFO ] 16 Jun 2022 15:12:05,249 qa.base.BaseTest:110 - scrollToElement - Methode scrollToElement called from ProductDetailsTest_validateProdDetailsAndPrice
[INFO ] 16 Jun 2022 15:12:09,938 qa.base.BaseTest:104 - getAttribute - Located by By.chained({By.AccessibilityId: test-Price})text: getProdDetailsSlbPrice from ProductDetailsPage
[INFO ] 16 Jun 2022 15:12:09,939 qa.base.BaseTest:86 - waitForElementVisibility - Located by By.chained({By.AccessibilityId: test-Price})
[INFO ] 16 Jun 2022 15:12:10,014 qa.base.BaseTest:92 - click - Located by By.chained({By.AccessibilityId: test-BACK TO PRODUCTS}): Press SLB Title from ProductsPage
[INFO ] 16 Jun 2022 15:12:10,014 qa.base.BaseTest:86 - waitForElementVisibility - Located by By.chained({By.AccessibilityId: test-BACK TO PRODUCTS})
[INFO ] 16 Jun 2022 15:12:10,130 qa.base.BaseTest:35 - PageFactory elements initialized calling BaseTest constructor
[INFO ] 16 Jun 2022 15:12:10,130 qa.base.BaseTest:104 - getAttribute - Located by By.chained({By.xpath: (//android.widget.TextView[@content-desc="test-Item title"])[1]})text: getSLBTitle from ProductsPage
[INFO ] 16 Jun 2022 15:12:10,130 qa.base.BaseTest:86 - waitForElementVisibility - Located by By.chained({By.xpath: (//android.widget.TextView[@content-desc="test-Item title"])[1]})
[INFO ] 16 Jun 2022 15:12:11,070 qa.base.BaseTest:104 - getAttribute - Located by By.chained({By.xpath: (//android.widget.TextView[@content-desc="test-Price"])[1]})text: getSLBPrice from ProductsPage
[INFO ] 16 Jun 2022 15:12:11,070 qa.base.BaseTest:86 - waitForElementVisibility - Located by By.chained({By.xpath: (//android.widget.TextView[@content-desc="test-Price"])[1]})
[INFO ] 16 Jun 2022 15:12:11,181 qa.base.BaseTest:92 - click - Located by By.chained({By.AccessibilityId: test-Menu}): Press Menu Button from - MenuPage
[INFO ] 16 Jun 2022 15:12:11,181 qa.base.BaseTest:86 - waitForElementVisibility - Located by By.chained({By.AccessibilityId: test-Menu})
[INFO ] 16 Jun 2022 15:12:11,298 qa.base.BaseTest:35 - PageFactory elements initialized calling BaseTest constructor
[INFO ] 16 Jun 2022 15:12:11,299 qa.base.BaseTest:92 - click - Located by By.chained({By.AccessibilityId: test-LOGOUT}): Press Logout Button from - SettingsPage
[INFO ] 16 Jun 2022 15:12:11,299 qa.base.BaseTest:86 - waitForElementVisibility - Located by By.chained({By.AccessibilityId: test-LOGOUT})
[INFO ] 16 Jun 2022 15:12:13,046 qa.base.BaseTest:35 - PageFactory elements initialized calling BaseTest constructor
[INFO ] 16 Jun 2022 15:12:13,048 qa.base.BaseTest:123 - afterTest - quitting driver
[INFO ] 16 Jun 2022 23:38:48,640 qa.base.BaseTest:35 - PageFactory elements initialized calling BaseTest constructor
[INFO ] 16 Jun 2022 23:38:48,698 qa.base.BaseTest:43 - Properties object created
[INFO ] 16 Jun 2022 23:38:48,699 qa.base.BaseTest:47 - Properties file loaded
[INFO ] 16 Jun 2022 23:38:48,709 qa.base.BaseTest:51 - parseStringXML method called
[INFO ] 16 Jun 2022 23:38:48,710 qa.base.BaseTest:54 - DesiredCapabilities object created
[INFO ] 16 Jun 2022 23:38:48,710 qa.base.BaseTest:64 - Required DesiredCapabilities are set
[INFO ] 16 Jun 2022 23:39:00,973 qa.base.BaseTest:69 - AndroidDriver object created
[INFO ] 16 Jun 2022 23:39:00,974 qa.base.BaseTest:75 - closing configis
[INFO ] 16 Jun 2022 23:39:00,974 qa.base.BaseTest:79 - closing stringis
[INFO ] 16 Jun 2022 23:39:01,131 qa.base.BaseTest:35 - PageFactory elements initialized calling BaseTest constructor
[INFO ] 16 Jun 2022 23:39:01,410 qa.base.BaseTest:98 - sendKeys - Located by By.chained({By.AccessibilityId: test-Username}): Enter UserName
[INFO ] 16 Jun 2022 23:39:01,411 qa.base.BaseTest:86 - waitForElementVisibility - Located by By.chained({By.AccessibilityId: test-Username})
[INFO ] 16 Jun 2022 23:39:03,162 qa.base.BaseTest:98 - sendKeys - Located by By.chained({By.AccessibilityId: test-Password}): Enter Password
[INFO ] 16 Jun 2022 23:39:03,163 qa.base.BaseTest:86 - waitForElementVisibility - Located by By.chained({By.AccessibilityId: test-Password})
[INFO ] 16 Jun 2022 23:39:04,382 qa.base.BaseTest:92 - click - Located by By.chained({By.AccessibilityId: test-LOGIN}): Press Login Button
[INFO ] 16 Jun 2022 23:39:04,383 qa.base.BaseTest:86 - waitForElementVisibility - Located by By.chained({By.AccessibilityId: test-LOGIN})
[INFO ] 16 Jun 2022 23:39:05,024 qa.base.BaseTest:35 - PageFactory elements initialized calling BaseTest constructor
[INFO ] 16 Jun 2022 23:39:05,025 qa.base.BaseTest:104 - getAttribute - Located by By.chained({By.xpath: (//android.widget.TextView[@content-desc="test-Item title"])[1]})text: getSLBTitle from ProductsPage
[INFO ] 16 Jun 2022 23:39:05,025 qa.base.BaseTest:86 - waitForElementVisibility - Located by By.chained({By.xpath: (//android.widget.TextView[@content-desc="test-Item title"])[1]})
[INFO ] 16 Jun 2022 23:39:06,717 qa.base.BaseTest:104 - getAttribute - Located by By.chained({By.xpath: (//android.widget.TextView[@content-desc="test-Price"])[1]})text: getSLBPrice from ProductsPage
[INFO ] 16 Jun 2022 23:39:06,718 qa.base.BaseTest:86 - waitForElementVisibility - Located by By.chained({By.xpath: (//android.widget.TextView[@content-desc="test-Price"])[1]})
[INFO ] 16 Jun 2022 23:39:07,047 qa.base.BaseTest:92 - click - Located by By.chained({By.AccessibilityId: test-Menu}): Press Menu Button from - MenuPage
[INFO ] 16 Jun 2022 23:39:07,048 qa.base.BaseTest:86 - waitForElementVisibility - Located by By.chained({By.AccessibilityId: test-Menu})
[INFO ] 16 Jun 2022 23:39:07,374 qa.base.BaseTest:35 - PageFactory elements initialized calling BaseTest constructor
[INFO ] 16 Jun 2022 23:39:07,376 qa.base.BaseTest:92 - click - Located by By.chained({By.AccessibilityId: test-LOGOUT}): Press Logout Button from - SettingsPage
[INFO ] 16 Jun 2022 23:39:07,377 qa.base.BaseTest:86 - waitForElementVisibility - Located by By.chained({By.AccessibilityId: test-LOGOUT})
[INFO ] 16 Jun 2022 23:39:09,172 qa.base.BaseTest:35 - PageFactory elements initialized calling BaseTest constructor
[INFO ] 16 Jun 2022 23:39:09,193 qa.base.BaseTest:98 - sendKeys - Located by By.chained({By.AccessibilityId: test-Username}): Enter UserName
[INFO ] 16 Jun 2022 23:39:09,194 qa.base.BaseTest:86 - waitForElementVisibility - Located by By.chained({By.AccessibilityId: test-Username})
[INFO ] 16 Jun 2022 23:39:11,008 qa.base.BaseTest:98 - sendKeys - Located by By.chained({By.AccessibilityId: test-Password}): Enter Password
[INFO ] 16 Jun 2022 23:39:11,008 qa.base.BaseTest:86 - waitForElementVisibility - Located by By.chained({By.AccessibilityId: test-Password})
[INFO ] 16 Jun 2022 23:39:11,614 qa.base.BaseTest:92 - click - Located by By.chained({By.AccessibilityId: test-LOGIN}): Press Login Button
[INFO ] 16 Jun 2022 23:39:11,614 qa.base.BaseTest:86 - waitForElementVisibility - Located by By.chained({By.AccessibilityId: test-LOGIN})
[INFO ] 16 Jun 2022 23:39:12,223 qa.base.BaseTest:35 - PageFactory elements initialized calling BaseTest constructor
[INFO ] 16 Jun 2022 23:39:12,226 qa.base.BaseTest:92 - click - Located by By.chained({By.xpath: (//android.widget.TextView[@content-desc="test-Item title"])[1]}): Press SLB Title from ProductsPage
[INFO ] 16 Jun 2022 23:39:12,229 qa.base.BaseTest:86 - waitForElementVisibility - Located by By.chained({By.xpath: (//android.widget.TextView[@content-desc="test-Item title"])[1]})
[INFO ] 16 Jun 2022 23:39:13,824 qa.base.BaseTest:35 - PageFactory elements initialized calling BaseTest constructor
[INFO ] 16 Jun 2022 23:39:13,825 qa.base.BaseTest:104 - getAttribute - Located by By.chained({By.xpath: //android.view.ViewGroup[@content-desc="test-Description"]/android.widget.TextView[1]})text: getSLBTitleProdDetails from ProductDetailsPage
[INFO ] 16 Jun 2022 23:39:13,828 qa.base.BaseTest:86 - waitForElementVisibility - Located by By.chained({By.xpath: //android.view.ViewGroup[@content-desc="test-Description"]/android.widget.TextView[1]})
[INFO ] 16 Jun 2022 23:39:15,149 qa.base.BaseTest:104 - getAttribute - Located by By.chained({By.xpath: //android.view.ViewGroup[@content-desc="test-Description"]/android.widget.TextView[2]})text: getProdDetailsSlbDetails from ProductDetailsPage
[INFO ] 16 Jun 2022 23:39:15,150 qa.base.BaseTest:86 - waitForElementVisibility - Located by By.chained({By.xpath: //android.view.ViewGroup[@content-desc="test-Description"]/android.widget.TextView[2]})
[INFO ] 16 Jun 2022 23:39:15,311 qa.base.BaseTest:110 - scrollToElement - Methode scrollToElement called from ProductDetailsTest_validateProdTitleDetailsPrice
[INFO ] 16 Jun 2022 23:39:18,992 qa.base.BaseTest:104 - getAttribute - Located by By.chained({By.AccessibilityId: test-Price})text: getProdDetailsSlbPrice from ProductDetailsPage
[INFO ] 16 Jun 2022 23:39:18,993 qa.base.BaseTest:86 - waitForElementVisibility - Located by By.chained({By.AccessibilityId: test-Price})
[INFO ] 16 Jun 2022 23:39:19,188 qa.base.BaseTest:92 - click - Located by By.chained({By.AccessibilityId: test-Menu}): Press Menu Button from - MenuPage
[INFO ] 16 Jun 2022 23:39:19,188 qa.base.BaseTest:86 - waitForElementVisibility - Located by By.chained({By.AccessibilityId: test-Menu})
[INFO ] 16 Jun 2022 23:39:19,305 qa.base.BaseTest:35 - PageFactory elements initialized calling BaseTest constructor
[INFO ] 16 Jun 2022 23:39:19,305 qa.base.BaseTest:92 - click - Located by By.chained({By.AccessibilityId: test-LOGOUT}): Press Logout Button from - SettingsPage
[INFO ] 16 Jun 2022 23:39:19,306 qa.base.BaseTest:86 - waitForElementVisibility - Located by By.chained({By.AccessibilityId: test-LOGOUT})
[INFO ] 16 Jun 2022 23:39:21,141 qa.base.BaseTest:35 - PageFactory elements initialized calling BaseTest constructor
[INFO ] 16 Jun 2022 23:39:21,144 qa.base.BaseTest:98 - sendKeys - Located by By.chained({By.AccessibilityId: test-Username}): Enter UserName
[INFO ] 16 Jun 2022 23:39:21,145 qa.base.BaseTest:86 - waitForElementVisibility - Located by By.chained({By.AccessibilityId: test-Username})
[INFO ] 16 Jun 2022 23:39:23,455 qa.base.BaseTest:98 - sendKeys - Located by By.chained({By.AccessibilityId: test-Password}): Enter Password
[INFO ] 16 Jun 2022 23:39:23,455 qa.base.BaseTest:86 - waitForElementVisibility - Located by By.chained({By.AccessibilityId: test-Password})
[INFO ] 16 Jun 2022 23:39:24,056 qa.base.BaseTest:92 - click - Located by By.chained({By.AccessibilityId: test-LOGIN}): Press Login Button
[INFO ] 16 Jun 2022 23:39:24,057 qa.base.BaseTest:86 - waitForElementVisibility - Located by By.chained({By.AccessibilityId: test-LOGIN})
[INFO ] 16 Jun 2022 23:39:24,677 qa.base.BaseTest:35 - PageFactory elements initialized calling BaseTest constructor
[INFO ] 16 Jun 2022 23:39:24,677 qa.base.BaseTest:92 - click - Located by By.chained({By.xpath: (//android.widget.TextView[@content-desc="test-Item title"])[1]}): Press SLB Title from ProductsPage
[INFO ] 16 Jun 2022 23:39:24,677 qa.base.BaseTest:86 - waitForElementVisibility - Located by By.chained({By.xpath: (//android.widget.TextView[@content-desc="test-Item title"])[1]})
[INFO ] 16 Jun 2022 23:39:26,019 qa.base.BaseTest:35 - PageFactory elements initialized calling BaseTest constructor
[INFO ] 16 Jun 2022 23:39:26,020 qa.base.BaseTest:104 - getAttribute - Located by By.chained({By.xpath: //android.view.ViewGroup[@content-desc="test-Description"]/android.widget.TextView[1]})text: getSLBTitleProdDetails from ProductDetailsPage
[INFO ] 16 Jun 2022 23:39:26,021 qa.base.BaseTest:86 - waitForElementVisibility - Located by By.chained({By.xpath: //android.view.ViewGroup[@content-desc="test-Description"]/android.widget.TextView[1]})
[INFO ] 16 Jun 2022 23:39:27,227 qa.base.BaseTest:104 - getAttribute - Located by By.chained({By.xpath: //android.view.ViewGroup[@content-desc="test-Description"]/android.widget.TextView[2]})text: getProdDetailsSlbDetails from ProductDetailsPage
[INFO ] 16 Jun 2022 23:39:27,227 qa.base.BaseTest:86 - waitForElementVisibility - Located by By.chained({By.xpath: //android.view.ViewGroup[@content-desc="test-Description"]/android.widget.TextView[2]})
[INFO ] 16 Jun 2022 23:39:27,354 qa.base.BaseTest:110 - scrollToElement - Methode scrollToElement called from ProductDetailsTest_validateProdDetailsAndPrice
[INFO ] 16 Jun 2022 23:39:30,456 qa.base.BaseTest:104 - getAttribute - Located by By.chained({By.AccessibilityId: test-Price})text: getProdDetailsSlbPrice from ProductDetailsPage
[INFO ] 16 Jun 2022 23:39:30,457 qa.base.BaseTest:86 - waitForElementVisibility - Located by By.chained({By.AccessibilityId: test-Price})
[INFO ] 16 Jun 2022 23:39:30,664 qa.base.BaseTest:92 - click - Located by By.chained({By.AccessibilityId: test-BACK TO PRODUCTS}): Press SLB Title from ProductsPage
[INFO ] 16 Jun 2022 23:39:30,665 qa.base.BaseTest:86 - waitForElementVisibility - Located by By.chained({By.AccessibilityId: test-BACK TO PRODUCTS})
[INFO ] 16 Jun 2022 23:39:30,804 qa.base.BaseTest:35 - PageFactory elements initialized calling BaseTest constructor
[INFO ] 16 Jun 2022 23:39:30,806 qa.base.BaseTest:104 - getAttribute - Located by By.chained({By.xpath: (//android.widget.TextView[@content-desc="test-Item title"])[1]})text: getSLBTitle from ProductsPage
[INFO ] 16 Jun 2022 23:39:30,806 qa.base.BaseTest:86 - waitForElementVisibility - Located by By.chained({By.xpath: (//android.widget.TextView[@content-desc="test-Item title"])[1]})
[INFO ] 16 Jun 2022 23:39:31,850 qa.base.BaseTest:104 - getAttribute - Located by By.chained({By.xpath: (//android.widget.TextView[@content-desc="test-Price"])[1]})text: getSLBPrice from ProductsPage
[INFO ] 16 Jun 2022 23:39:31,851 qa.base.BaseTest:86 - waitForElementVisibility - Located by By.chained({By.xpath: (//android.widget.TextView[@content-desc="test-Price"])[1]})
[INFO ] 16 Jun 2022 23:39:32,004 qa.base.BaseTest:92 - click - Located by By.chained({By.AccessibilityId: test-Menu}): Press Menu Button from - MenuPage
[INFO ] 16 Jun 2022 23:39:32,004 qa.base.BaseTest:86 - waitForElementVisibility - Located by By.chained({By.AccessibilityId: test-Menu})
[INFO ] 16 Jun 2022 23:39:32,121 qa.base.BaseTest:35 - PageFactory elements initialized calling BaseTest constructor
[INFO ] 16 Jun 2022 23:39:32,121 qa.base.BaseTest:92 - click - Located by By.chained({By.AccessibilityId: test-LOGOUT}): Press Logout Button from - SettingsPage
[INFO ] 16 Jun 2022 23:39:32,122 qa.base.BaseTest:86 - waitForElementVisibility - Located by By.chained({By.AccessibilityId: test-LOGOUT})
[INFO ] 16 Jun 2022 23:39:33,872 qa.base.BaseTest:35 - PageFactory elements initialized calling BaseTest constructor
[INFO ] 16 Jun 2022 23:39:33,875 qa.base.BaseTest:123 - afterTest - quitting driver
[INFO ] 16 Jun 2022 23:48:43,568 qa.base.BaseTest:37 - PageFactory elements initialized calling BaseTest constructor
[INFO ] 16 Jun 2022 23:49:50,533 qa.base.BaseTest:37 - PageFactory elements initialized calling BaseTest constructor
[INFO ] 16 Jun 2022 23:49:50,592 qa.base.BaseTest:46 - Properties object created
[INFO ] 16 Jun 2022 23:51:46,419 qa.base.BaseTest:37 - PageFactory elements initialized calling BaseTest constructor
[INFO ] 16 Jun 2022 23:51:46,480 qa.base.BaseTest:46 - Properties object created
[INFO ] 16 Jun 2022 23:51:46,482 qa.base.BaseTest:51 - Properties file loaded
[INFO ] 16 Jun 2022 23:51:46,484 qa.base.BaseTest:84 - closing configis
