[INFO ] 10 Oct 2022 00:34:54,112 qa.base.BaseTest:44 - Properties object created
[INFO ] 10 Oct 2022 00:34:54,122 qa.base.BaseTest:48 - Properties file loaded
[INFO ] 10 Oct 2022 00:34:54,130 qa.base.BaseTest:52 - parseStringXML method called
[INFO ] 10 Oct 2022 00:34:54,132 qa.base.BaseTest:55 - DesiredCapabilities object created
[INFO ] 10 Oct 2022 00:34:54,133 qa.base.BaseTest:65 - Required DesiredCapabilities are set
[INFO ] 10 Oct 2022 00:35:52,766 qa.base.BaseTest:70 - AndroidDriver object created
[INFO ] 10 Oct 2022 00:35:52,767 qa.base.BaseTest:76 - closing configis
[INFO ] 10 Oct 2022 00:35:52,768 qa.base.BaseTest:80 - closing stringis
[INFO ] 10 Oct 2022 00:35:53,365 qa.base.BaseTest:87 - waitForElementVisibility - Located by By.chained({By.AccessibilityId: test-Username})
[INFO ] 10 Oct 2022 00:35:56,384 qa.base.BaseTest:102 - sendKeys - Located by By.chained({By.AccessibilityId: test-Username}): Enter UserName
[INFO ] 10 Oct 2022 00:35:56,530 qa.base.BaseTest:87 - waitForElementVisibility - Located by By.chained({By.AccessibilityId: test-Password})
[INFO ] 10 Oct 2022 00:35:57,131 qa.base.BaseTest:102 - sendKeys - Located by By.chained({By.AccessibilityId: test-Password}): Enter Password
[INFO ] 10 Oct 2022 00:35:57,330 qa.base.BaseTest:87 - waitForElementVisibility - Located by By.chained({By.AccessibilityId: test-LOGIN})
[INFO ] 10 Oct 2022 00:35:57,869 qa.base.BaseTest:95 - click - Located by By.chained({By.AccessibilityId: test-LOGIN}): Press Login Button
[INFO ] 10 Oct 2022 00:35:58,030 qa.base.BaseTest:87 - waitForElementVisibility - Located by By.chained({By.xpath: //android.view.ViewGroup[@content-desc="test-Error message"]/android.widget.TextView})
[INFO ] 10 Oct 2022 00:35:59,122 qa.base.BaseTest:109 - getAttribute - Located by By.chained({By.xpath: //android.view.ViewGroup[@content-desc="test-Error message"]/android.widget.TextView})text: Get error Text from LoginPage
[INFO ] 10 Oct 2022 00:35:59,332 qa.base.BaseTest:87 - waitForElementVisibility - Located by By.chained({By.AccessibilityId: test-Username})
[INFO ] 10 Oct 2022 00:35:59,417 qa.base.BaseTest:102 - sendKeys - Located by By.chained({By.AccessibilityId: test-Username}): Enter UserName
[INFO ] 10 Oct 2022 00:35:59,569 qa.base.BaseTest:87 - waitForElementVisibility - Located by By.chained({By.AccessibilityId: test-Password})
[INFO ] 10 Oct 2022 00:36:00,112 qa.base.BaseTest:102 - sendKeys - Located by By.chained({By.AccessibilityId: test-Password}): Enter Password
[INFO ] 10 Oct 2022 00:36:00,249 qa.base.BaseTest:87 - waitForElementVisibility - Located by By.chained({By.AccessibilityId: test-LOGIN})
[INFO ] 10 Oct 2022 00:36:01,234 qa.base.BaseTest:95 - click - Located by By.chained({By.AccessibilityId: test-LOGIN}): Press Login Button
[INFO ] 10 Oct 2022 00:36:01,368 qa.base.BaseTest:87 - waitForElementVisibility - Located by By.chained({By.xpath: //android.view.ViewGroup[@content-desc="test-Error message"]/android.widget.TextView})
[INFO ] 10 Oct 2022 00:36:01,602 qa.base.BaseTest:109 - getAttribute - Located by By.chained({By.xpath: //android.view.ViewGroup[@content-desc="test-Error message"]/android.widget.TextView})text: Get error Text from LoginPage
[INFO ] 10 Oct 2022 00:36:01,812 qa.base.BaseTest:87 - waitForElementVisibility - Located by By.chained({By.AccessibilityId: test-Username})
[INFO ] 10 Oct 2022 00:36:01,892 qa.base.BaseTest:102 - sendKeys - Located by By.chained({By.AccessibilityId: test-Username}): Enter UserName
[INFO ] 10 Oct 2022 00:36:02,025 qa.base.BaseTest:87 - waitForElementVisibility - Located by By.chained({By.AccessibilityId: test-Password})
[INFO ] 10 Oct 2022 00:36:03,244 qa.base.BaseTest:102 - sendKeys - Located by By.chained({By.AccessibilityId: test-Password}): Enter Password
[INFO ] 10 Oct 2022 00:36:03,870 qa.base.BaseTest:87 - waitForElementVisibility - Located by By.chained({By.AccessibilityId: test-LOGIN})
[INFO ] 10 Oct 2022 00:36:04,414 qa.base.BaseTest:95 - click - Located by By.chained({By.AccessibilityId: test-LOGIN}): Press Login Button
[INFO ] 10 Oct 2022 00:36:04,537 qa.base.BaseTest:87 - waitForElementVisibility - Located by By.chained({By.xpath: //android.view.ViewGroup[@content-desc="test-Cart drop zone"]/android.view.ViewGroup/android.widget.TextView})
[INFO ] 10 Oct 2022 00:36:07,326 qa.base.BaseTest:109 - getAttribute - Located by By.chained({By.xpath: //android.view.ViewGroup[@content-desc="test-Cart drop zone"]/android.view.ViewGroup/android.widget.TextView})text: getText from ProductsPage
[INFO ] 10 Oct 2022 00:36:07,729 qa.base.BaseTest:129 - afterTest - quitting driver
[INFO ] 10 Oct 2022 00:45:48,045 qa.base.BaseTest:44 - Properties object created
[INFO ] 10 Oct 2022 00:45:48,048 qa.base.BaseTest:48 - Properties file loaded
[INFO ] 10 Oct 2022 00:45:48,056 qa.base.BaseTest:52 - parseStringXML method called
[INFO ] 10 Oct 2022 00:45:48,056 qa.base.BaseTest:55 - DesiredCapabilities object created
[INFO ] 10 Oct 2022 00:45:48,057 qa.base.BaseTest:65 - Required DesiredCapabilities are set
[INFO ] 10 Oct 2022 00:45:50,373 qa.base.BaseTest:76 - closing configis
[INFO ] 10 Oct 2022 00:45:50,374 qa.base.BaseTest:80 - closing stringis
[INFO ] 10 Oct 2022 00:49:48,070 qa.base.BaseTest:44 - Properties object created
[INFO ] 10 Oct 2022 00:49:48,073 qa.base.BaseTest:48 - Properties file loaded
[INFO ] 10 Oct 2022 00:49:48,080 qa.base.BaseTest:52 - parseStringXML method called
[INFO ] 10 Oct 2022 00:49:48,082 qa.base.BaseTest:55 - DesiredCapabilities object created
[INFO ] 10 Oct 2022 00:49:48,082 qa.base.BaseTest:65 - Required DesiredCapabilities are set
[INFO ] 10 Oct 2022 00:49:50,424 qa.base.BaseTest:76 - closing configis
[INFO ] 10 Oct 2022 00:49:50,424 qa.base.BaseTest:80 - closing stringis
[INFO ] 10 Oct 2022 00:50:53,113 qa.base.BaseTest:44 - Properties object created
[INFO ] 10 Oct 2022 00:50:53,116 qa.base.BaseTest:48 - Properties file loaded
[INFO ] 10 Oct 2022 00:50:53,125 qa.base.BaseTest:52 - parseStringXML method called
[INFO ] 10 Oct 2022 00:50:53,126 qa.base.BaseTest:55 - DesiredCapabilities object created
[INFO ] 10 Oct 2022 00:50:53,126 qa.base.BaseTest:65 - Required DesiredCapabilities are set
[INFO ] 10 Oct 2022 00:50:55,447 qa.base.BaseTest:76 - closing configis
[INFO ] 10 Oct 2022 00:50:55,448 qa.base.BaseTest:80 - closing stringis
[INFO ] 10 Oct 2022 00:51:12,068 qa.base.BaseTest:44 - Properties object created
[INFO ] 10 Oct 2022 00:51:12,071 qa.base.BaseTest:48 - Properties file loaded
[INFO ] 10 Oct 2022 00:51:12,079 qa.base.BaseTest:52 - parseStringXML method called
[INFO ] 10 Oct 2022 00:51:12,080 qa.base.BaseTest:55 - DesiredCapabilities object created
[INFO ] 10 Oct 2022 00:51:12,080 qa.base.BaseTest:65 - Required DesiredCapabilities are set
[INFO ] 10 Oct 2022 00:51:24,100 qa.base.BaseTest:70 - AndroidDriver object created
[INFO ] 10 Oct 2022 00:51:24,100 qa.base.BaseTest:76 - closing configis
[INFO ] 10 Oct 2022 00:51:24,101 qa.base.BaseTest:80 - closing stringis
[INFO ] 10 Oct 2022 00:51:24,481 qa.base.BaseTest:87 - waitForElementVisibility - Located by By.chained({By.AccessibilityId: test-Username})
[INFO ] 10 Oct 2022 00:51:25,648 qa.base.BaseTest:102 - sendKeys - Located by By.chained({By.AccessibilityId: test-Username}): Enter UserName
[INFO ] 10 Oct 2022 00:51:26,225 qa.base.BaseTest:87 - waitForElementVisibility - Located by By.chained({By.AccessibilityId: test-Password})
[INFO ] 10 Oct 2022 00:51:26,806 qa.base.BaseTest:102 - sendKeys - Located by By.chained({By.AccessibilityId: test-Password}): Enter Password
[INFO ] 10 Oct 2022 00:51:27,398 qa.base.BaseTest:87 - waitForElementVisibility - Located by By.chained({By.AccessibilityId: test-LOGIN})
[INFO ] 10 Oct 2022 00:51:27,926 qa.base.BaseTest:95 - click - Located by By.chained({By.AccessibilityId: test-LOGIN}): Press Login Button
[INFO ] 10 Oct 2022 00:51:28,005 qa.base.BaseTest:87 - waitForElementVisibility - Located by By.chained({By.xpath: //android.view.ViewGroup[@content-desc="test-Error message"]/android.widget.TextView})
[INFO ] 10 Oct 2022 00:51:28,651 qa.base.BaseTest:109 - getAttribute - Located by By.chained({By.xpath: //android.view.ViewGroup[@content-desc="test-Error message"]/android.widget.TextView})text: Get error Text from LoginPage
[INFO ] 10 Oct 2022 00:51:28,738 qa.base.BaseTest:87 - waitForElementVisibility - Located by By.chained({By.AccessibilityId: test-Username})
[INFO ] 10 Oct 2022 00:51:28,786 qa.base.BaseTest:102 - sendKeys - Located by By.chained({By.AccessibilityId: test-Username}): Enter UserName
[INFO ] 10 Oct 2022 00:51:28,880 qa.base.BaseTest:87 - waitForElementVisibility - Located by By.chained({By.AccessibilityId: test-Password})
[INFO ] 10 Oct 2022 00:51:29,406 qa.base.BaseTest:102 - sendKeys - Located by By.chained({By.AccessibilityId: test-Password}): Enter Password
[INFO ] 10 Oct 2022 00:51:29,981 qa.base.BaseTest:87 - waitForElementVisibility - Located by By.chained({By.AccessibilityId: test-LOGIN})
[INFO ] 10 Oct 2022 00:51:30,511 qa.base.BaseTest:95 - click - Located by By.chained({By.AccessibilityId: test-LOGIN}): Press Login Button
[INFO ] 10 Oct 2022 00:51:30,586 qa.base.BaseTest:87 - waitForElementVisibility - Located by By.chained({By.xpath: //android.view.ViewGroup[@content-desc="test-Error message"]/android.widget.TextView})
[INFO ] 10 Oct 2022 00:51:30,664 qa.base.BaseTest:109 - getAttribute - Located by By.chained({By.xpath: //android.view.ViewGroup[@content-desc="test-Error message"]/android.widget.TextView})text: Get error Text from LoginPage
[INFO ] 10 Oct 2022 00:51:30,774 qa.base.BaseTest:87 - waitForElementVisibility - Located by By.chained({By.AccessibilityId: test-Username})
[INFO ] 10 Oct 2022 00:51:30,839 qa.base.BaseTest:102 - sendKeys - Located by By.chained({By.AccessibilityId: test-Username}): Enter UserName
[INFO ] 10 Oct 2022 00:51:30,908 qa.base.BaseTest:87 - waitForElementVisibility - Located by By.chained({By.AccessibilityId: test-Password})
[INFO ] 10 Oct 2022 00:51:31,447 qa.base.BaseTest:102 - sendKeys - Located by By.chained({By.AccessibilityId: test-Password}): Enter Password
[INFO ] 10 Oct 2022 00:51:32,010 qa.base.BaseTest:87 - waitForElementVisibility - Located by By.chained({By.AccessibilityId: test-LOGIN})
[INFO ] 10 Oct 2022 00:51:32,545 qa.base.BaseTest:95 - click - Located by By.chained({By.AccessibilityId: test-LOGIN}): Press Login Button
[INFO ] 10 Oct 2022 00:51:32,640 qa.base.BaseTest:87 - waitForElementVisibility - Located by By.chained({By.xpath: //android.view.ViewGroup[@content-desc="test-Cart drop zone"]/android.view.ViewGroup/android.widget.TextView})
[INFO ] 10 Oct 2022 00:51:34,012 qa.base.BaseTest:109 - getAttribute - Located by By.chained({By.xpath: //android.view.ViewGroup[@content-desc="test-Cart drop zone"]/android.view.ViewGroup/android.widget.TextView})text: getText from ProductsPage
[INFO ] 10 Oct 2022 00:51:34,130 qa.base.BaseTest:129 - afterTest - quitting driver
