[INFO ] 2022-10-18 16:33:00.610 com.qa.base.BaseTest:176 - waitForElementVisibility - Located by By.chained({By.AccessibilityId: test-Price})
[INFO ] 2022-10-18 16:33:00.614 com.qa.base.BaseTest:49 - getting android driver
[INFO ] 2022-10-18 16:33:00.735 com.qa.base.BaseTest:199 - getAttribute - Located by By.chained({By.AccessibilityId: test-Price})text: getProdDetailsSlbPrice from ProductDetailsPage
[INFO ] 2022-10-18 16:33:00.765 com.qa.base.BaseTest:176 - waitForElementVisibility - Located by By.chained({By.AccessibilityId: test-BACK TO PRODUCTS})
[INFO ] 2022-10-18 16:33:00.765 com.qa.base.BaseTest:49 - getting android driver
[INFO ] 2022-10-18 16:33:00.793 com.qa.base.BaseTest:185 - click - Located by By.chained({By.AccessibilityId: test-BACK TO PRODUCTS}): Press pressBackToProductsBtn from ProductDetailsPage
[INFO ] 2022-10-18 16:33:00.848 com.qa.base.BaseTest:49 - getting android driver
[INFO ] 2022-10-18 16:33:00.849 com.qa.base.BaseTest:176 - waitForElementVisibility - Located by By.chained({By.xpath: (//android.widget.TextView[@content-desc="test-Item title"])[1]})
[INFO ] 2022-10-18 16:33:00.849 com.qa.base.BaseTest:49 - getting android driver
[INFO ] 2022-10-18 16:33:01.040 com.qa.base.BaseTest:185 - click - Located by By.chained({By.AccessibilityId: test-LOGOUT}): Press Logout Button from - SettingsPage
[INFO ] 2022-10-18 16:33:01.122 com.qa.base.BaseTest:49 - getting android driver
[INFO ] 2022-10-18 16:33:01.126 com.qa.base.BaseTest:214 - afterTest - quitting driver
[INFO ] 2022-10-18 16:33:01.127 com.qa.base.BaseTest:49 - getting android driver
[INFO ] 2022-10-18 16:33:01.777 com.qa.base.BaseTest:199 - getAttribute - Located by By.chained({By.xpath: (//android.widget.TextView[@content-desc="test-Item title"])[1]})text: getSLBTitle from ProductsPage
[INFO ] 2022-10-18 16:33:01.846 com.qa.base.BaseTest:176 - waitForElementVisibility - Located by By.chained({By.xpath: (//android.widget.TextView[@content-desc="test-Price"])[1]})
[INFO ] 2022-10-18 16:33:01.846 com.qa.base.BaseTest:49 - getting android driver
[INFO ] 2022-10-18 16:33:01.910 com.qa.base.BaseTest:199 - getAttribute - Located by By.chained({By.xpath: (//android.widget.TextView[@content-desc="test-Price"])[1]})text: getSLBPrice from ProductsPage
[INFO ] 2022-10-18 16:33:01.969 com.qa.base.BaseTest:176 - waitForElementVisibility - Located by By.chained({By.AccessibilityId: test-Menu})
[INFO ] 2022-10-18 16:33:01.969 com.qa.base.BaseTest:49 - getting android driver
[INFO ] 2022-10-18 16:33:01.994 com.qa.base.BaseTest:185 - click - Located by By.chained({By.AccessibilityId: test-Menu}): Press Menu Button from - MenuPage
