[INFO ] 2022-10-19 19:07:04.440 com.qa.base.BaseTest:199 - getAttribute - Located by By.chained({By.xpath: (//android.widget.TextView[@content-desc="test-Item title"])[1]})text: getSLBTitle from ProductsPage
[INFO ] 2022-10-19 19:07:04.646 com.qa.base.BaseTest:176 - waitForElementVisibility - Located by By.chained({By.xpath: (//android.widget.TextView[@content-desc="test-Price"])[1]})
[INFO ] 2022-10-19 19:07:04.647 com.qa.base.BaseTest:49 - getting android driver
[INFO ] 2022-10-19 19:07:04.860 com.qa.base.BaseTest:199 - getAttribute - Located by By.chained({By.xpath: (//android.widget.TextView[@content-desc="test-Item title"])[1]})text: getSLBTitle from ProductsPage
[INFO ] 2022-10-19 19:07:04.957 com.qa.base.BaseTest:176 - waitForElementVisibility - Located by By.chained({By.xpath: (//android.widget.TextView[@content-desc="test-Price"])[1]})
[INFO ] 2022-10-19 19:07:04.957 com.qa.base.BaseTest:49 - getting android driver
[INFO ] 2022-10-19 19:07:05.075 com.qa.base.BaseTest:199 - getAttribute - Located by By.chained({By.xpath: (//android.widget.TextView[@content-desc="test-Price"])[1]})text: getSLBPrice from ProductsPage
[INFO ] 2022-10-19 19:07:05.076 com.qa.base.BaseTest:199 - getAttribute - Located by By.chained({By.xpath: (//android.widget.TextView[@content-desc="test-Price"])[1]})text: getSLBPrice from ProductsPage
[INFO ] 2022-10-19 19:07:05.196 com.qa.base.BaseTest:176 - waitForElementVisibility - Located by By.chained({By.AccessibilityId: test-Menu})
[INFO ] 2022-10-19 19:07:05.197 com.qa.base.BaseTest:49 - getting android driver
[INFO ] 2022-10-19 19:07:05.228 com.qa.base.BaseTest:176 - waitForElementVisibility - Located by By.chained({By.AccessibilityId: test-Menu})
[INFO ] 2022-10-19 19:07:05.229 com.qa.base.BaseTest:49 - getting android driver
[INFO ] 2022-10-19 19:07:05.232 com.qa.base.BaseTest:185 - click - Located by By.chained({By.AccessibilityId: test-Menu}): Press Menu Button from - MenuPage
[INFO ] 2022-10-19 19:07:05.280 com.qa.base.BaseTest:185 - click - Located by By.chained({By.AccessibilityId: test-Menu}): Press Menu Button from - MenuPage
[INFO ] 2022-10-19 19:07:05.306 com.qa.base.BaseTest:49 - getting android driver
[INFO ] 2022-10-19 19:07:05.307 com.qa.base.BaseTest:176 - waitForElementVisibility - Located by By.chained({By.AccessibilityId: test-LOGOUT})
[INFO ] 2022-10-19 19:07:05.308 com.qa.base.BaseTest:49 - getting android driver
[INFO ] 2022-10-19 19:07:05.369 com.qa.base.BaseTest:49 - getting android driver
[INFO ] 2022-10-19 19:07:05.371 com.qa.base.BaseTest:176 - waitForElementVisibility - Located by By.chained({By.AccessibilityId: test-LOGOUT})
[INFO ] 2022-10-19 19:07:05.371 com.qa.base.BaseTest:49 - getting android driver
