[INFO ] 2022-10-19 13:52:26.164 com.qa.base.BaseTest:185 - click - Located by By.chained({By.xpath: (//android.widget.TextView[@content-desc="test-Item title"])[1]}): Press SLB Title from ProductsPage
[INFO ] 2022-10-19 13:52:26.363 com.qa.base.BaseTest:49 - getting android driver
[INFO ] 2022-10-19 13:52:26.367 com.qa.base.BaseTest:176 - waitForElementVisibility - Located by By.chained({By.xpath: //android.view.ViewGroup[@content-desc="test-Description"]/android.widget.TextView[1]})
[INFO ] 2022-10-19 13:52:26.369 com.qa.base.BaseTest:49 - getting android driver
[INFO ] 2022-10-19 13:52:26.783 com.qa.base.BaseTest:199 - getAttribute - Located by By.chained({By.xpath: (//android.widget.TextView[@content-desc="test-Item title"])[1]})text: getSLBTitle from ProductsPage
[INFO ] 2022-10-19 13:52:26.853 com.qa.base.BaseTest:176 - waitForElementVisibility - Located by By.chained({By.xpath: (//android.widget.TextView[@content-desc="test-Price"])[1]})
[INFO ] 2022-10-19 13:52:26.853 com.qa.base.BaseTest:49 - getting android driver
[INFO ] 2022-10-19 13:52:26.913 com.qa.base.BaseTest:199 - getAttribute - Located by By.chained({By.xpath: (//android.widget.TextView[@content-desc="test-Price"])[1]})text: getSLBPrice from ProductsPage
[INFO ] 2022-10-19 13:52:26.985 com.qa.base.BaseTest:176 - waitForElementVisibility - Located by By.chained({By.AccessibilityId: test-Menu})
[INFO ] 2022-10-19 13:52:26.986 com.qa.base.BaseTest:49 - getting android driver
[INFO ] 2022-10-19 13:52:27.031 com.qa.base.BaseTest:185 - click - Located by By.chained({By.AccessibilityId: test-Menu}): Press Menu Button from - MenuPage
[INFO ] 2022-10-19 13:52:27.105 com.qa.base.BaseTest:49 - getting android driver
[INFO ] 2022-10-19 13:52:27.105 com.qa.base.BaseTest:176 - waitForElementVisibility - Located by By.chained({By.AccessibilityId: test-LOGOUT})
[INFO ] 2022-10-19 13:52:27.105 com.qa.base.BaseTest:49 - getting android driver
[INFO ] 2022-10-19 13:52:27.418 com.qa.base.BaseTest:199 - getAttribute - Located by By.chained({By.xpath: //android.view.ViewGroup[@content-desc="test-Description"]/android.widget.TextView[1]})text: getSLBTitleProdDetails from ProductDetailsPage
[INFO ] 2022-10-19 13:52:27.533 com.qa.base.BaseTest:176 - waitForElementVisibility - Located by By.chained({By.xpath: //android.view.ViewGroup[@content-desc="test-Description"]/android.widget.TextView[2]})
[INFO ] 2022-10-19 13:52:27.534 com.qa.base.BaseTest:49 - getting android driver
[INFO ] 2022-10-19 13:52:27.642 com.qa.base.BaseTest:199 - getAttribute - Located by By.chained({By.xpath: //android.view.ViewGroup[@content-desc="test-Description"]/android.widget.TextView[2]})text: getProdDetailsSlbDetails from ProductDetailsPage
[INFO ] 2022-10-19 13:52:27.762 com.qa.base.BaseTest:205 - scrollToElement - Methode scrollToElement called from ProductDetailsTest_validateProdDetailsAndPrice
[INFO ] 2022-10-19 13:52:27.762 com.qa.base.BaseTest:49 - getting android driver
