[INFO ] 2022-10-19 13:52:20.043 com.qa.base.BaseTest:49 - getting android driver
[INFO ] 2022-10-19 13:52:20.051 com.qa.base.BaseTest:176 - waitForElementVisibility - Located by By.chained({By.AccessibilityId: test-LOGOUT})
[INFO ] 2022-10-19 13:52:20.051 com.qa.base.BaseTest:49 - getting android driver
[INFO ] 2022-10-19 13:52:20.105 com.qa.base.BaseTest:185 - click - Located by By.chained({By.AccessibilityId: test-LOGOUT}): Press Logout Button from - SettingsPage
[INFO ] 2022-10-19 13:52:20.189 com.qa.base.BaseTest:49 - getting android driver
[INFO ] 2022-10-19 13:52:20.195 com.qa.test.ProductDetailsTest:134 -  ++++++++++++++ validateProdTitlePriceWithDeeplink ++++++++++++++ 
[INFO ] 2022-10-19 13:52:20.197 com.qa.base.BaseTest:49 - getting android driver
[INFO ] 2022-10-19 13:52:20.197 com.qa.base.BaseTest:49 - getting android driver
[INFO ] 2022-10-19 13:52:20.313 com.qa.base.BaseTest:176 - waitForElementVisibility - Located by By.chained({By.xpath: (//android.widget.TextView[@content-desc="test-Item title"])[1]})
[INFO ] 2022-10-19 13:52:20.315 com.qa.base.BaseTest:49 - getting android driver
[INFO ] 2022-10-19 13:52:20.953 com.qa.base.BaseTest:176 - waitForElementVisibility - Located by By.chained({By.AccessibilityId: test-Price})
[INFO ] 2022-10-19 13:52:20.956 com.qa.base.BaseTest:49 - getting android driver
[INFO ] 2022-10-19 13:52:21.079 com.qa.base.BaseTest:199 - getAttribute - Located by By.chained({By.AccessibilityId: test-Price})text: getProdDetailsSlbPrice from ProductDetailsPage
[INFO ] 2022-10-19 13:52:21.128 com.qa.base.BaseTest:176 - waitForElementVisibility - Located by By.chained({By.AccessibilityId: test-BACK TO PRODUCTS})
[INFO ] 2022-10-19 13:52:21.128 com.qa.base.BaseTest:49 - getting android driver
[INFO ] 2022-10-19 13:52:21.170 com.qa.base.BaseTest:185 - click - Located by By.chained({By.AccessibilityId: test-BACK TO PRODUCTS}): Press pressBackToProductsBtn from ProductDetailsPage
[INFO ] 2022-10-19 13:52:21.242 com.qa.base.BaseTest:49 - getting android driver
[INFO ] 2022-10-19 13:52:21.243 com.qa.base.BaseTest:176 - waitForElementVisibility - Located by By.chained({By.xpath: (//android.widget.TextView[@content-desc="test-Item title"])[1]})
[INFO ] 2022-10-19 13:52:21.243 com.qa.base.BaseTest:49 - getting android driver
[INFO ] 2022-10-19 13:52:21.948 com.qa.base.BaseTest:199 - getAttribute - Located by By.chained({By.xpath: (//android.widget.TextView[@content-desc="test-Item title"])[1]})text: getSLBTitle from ProductsPage
